1519405041493:catall
1519405046441:cat-all
1519405050679:cat
1519405055877:addtag
1519405058415:add
1519405059153:ls
1519405060899:mxn
1519405062052:lsj
1519405064267:file
1519405067241:help
1519405076147:cat-all u
1519405093290:list-files
1519405125701:add-tag u
1519405131639:list-files
1519405134524:list-files u
1519405137750:list-files untagged
1519405156058:tags
1519405157122:ls
1519405224841:help
1519405239429:add-tag u hidd
1519405257482:tag-file hidd u
1519405272134:tag-file hidden-pond-3731 u
1519409183723:exit
